<?xml version="1.0" encoding="UTF-8"?>
<testng-results ignored="0" total="1" passed="1" failed="0" skipped="0">
  <reporter-output>
  </reporter-output>
  <suite started-at="2026-01-01T21:51:01 IST" name="Suite" finished-at="2026-01-01T21:51:09 IST" duration-ms="7459">
    <groups>
    </groups>
    <test started-at="2026-01-01T21:51:01 IST" name="Test" finished-at="2026-01-01T21:51:09 IST" duration-ms="7459">
      <class name="MyPortfolio.RunIndexfile">
        <test-method signature="RunnerFile()[pri:0, instance:MyPortfolio.RunIndexfile@2c767a52]" started-at="2026-01-01T21:51:01 IST" name="RunnerFile" finished-at="2026-01-01T21:51:08 IST" duration-ms="7148" status="PASS">
          <reporter-output>
          </reporter-output>
        </test-method> <!-- RunnerFile -->
      </class> <!-- MyPortfolio.RunIndexfile -->
    </test> <!-- Test -->
  </suite> <!-- Suite -->
</testng-results>
